<?xml version="1.0" encoding="UTF-8"?>
<!-- Generated by org.testng.reporters.JUnitXMLReporter -->
<testsuite ignored="0" hostname="Sanjidas-MBP.lan" failures="1" tests="1" name="Surefire test" time="10.124" errors="0" timestamp="2021-09-19T03:13:24 EDT">
  <testcase classname="io.cucumber.testng.AbstractTestNGCucumberTests" name="runScenario" time="9.675">
    <failure type="java.lang.AssertionError" message="expected [Validation error] but found [➥Validation Errors
Th]">
      <![CDATA[java.lang.AssertionError: expected [Validation error] but found [➥Validation Errors
Th]
at pageobject.Signup_page.asserterrorMessage(Signup_page.java:129)
at stepdefinations.SignUp.ienterstudentinformationwithvalidEmailAdress(SignUp.java:38)
at ✽.I enter student information with valid email adress(file:///Users/sanjidaafrin/Documents/CucumberBDD_Fw/src/test/java/feature/signup/SignUp.feature:6)
... Removed 6 stack frames]]>
    </failure>
  </testcase> <!-- runScenario -->
</testsuite> <!-- Surefire test -->
